{"ts":1732014527428,"action":"IDE_ACTIVATED"}
{"ts":1732014539660,"action":"FILE_OPENED","file":"/README.md","tags":{"FILE_LINE_OF_CODE":"30"}}
{"ts":1732014545792,"action":"PROJECT_CLOSED","tags":{"PROJECT_NAME":"face_generation"}}
{"ts":1732014545798,"action":"IDE_DEACTIVATED"}
{"ts":1732014545890,"action":"IDE_ACTIVATED"}
{"ts":1732014556330,"action":"IDE_DEACTIVATED"}
{"ts":1732014556330,"action":"IDE_ACTIVATED"}
{"ts":1732014560178,"action":"FILE_CLOSED","file":"/infer.sh","tags":{"FILE_LINE_OF_CODE":"40"}}
{"ts":1732014560178,"action":"FILE_OPENED","file":"/utils/nvdiffrast.py","tags":{"FILE_LINE_OF_CODE":"81"}}
{"ts":1732014562985,"action":"FILE_CLOSED","file":"/utils/nvdiffrast.py","tags":{"FILE_LINE_OF_CODE":"81"}}
{"ts":1732014562985,"action":"FILE_OPENED","file":"/face_detection/detect.py","tags":{"FILE_LINE_OF_CODE":"189"}}
{"ts":1732014563393,"action":"FILE_CLOSED","file":"/face_detection/detect.py","tags":{"FILE_LINE_OF_CODE":"189"}}
{"ts":1732014563393,"action":"FILE_OPENED","file":"/models/avatar_facerecon.py","tags":{"FILE_LINE_OF_CODE":"245"}}
{"ts":1732014907952,"action":"IDE_DEACTIVATED"}
{"ts":1732014909480,"action":"IDE_ACTIVATED"}
{"ts":1732067683646,"action":"IDE_DEACTIVATED"}
{"ts":1732067685396,"action":"IDE_ACTIVATED"}
{"ts":1732067686608,"action":"IDE_DEACTIVATED"}
{"ts":1732070814697,"action":"IDE_ACTIVATED"}
{"ts":1732070815376,"action":"IDE_DEACTIVATED"}
{"ts":1732072763477,"action":"IDE_ACTIVATED"}
{"ts":1732072765055,"action":"FILE_CLOSED","file":"/models/avatar_facerecon.py","tags":{"FILE_LINE_OF_CODE":"245"}}
{"ts":1732072765055,"action":"FILE_OPENED","file":"/infer.sh","tags":{"FILE_LINE_OF_CODE":"40"}}
{"ts":1732072799592,"action":"IDE_DEACTIVATED"}
{"ts":1732072817545,"action":"IDE_ACTIVATED"}
{"ts":1732072820995,"action":"IDE_DEACTIVATED"}
{"ts":1732072865491,"action":"IDE_ACTIVATED"}
{"ts":1732072886276,"action":"FILE_CLOSED","file":"/infer.sh","tags":{"FILE_LINE_OF_CODE":"40"}}
{"ts":1732072886276,"action":"FILE_OPENED","file":"/inference.py","tags":{"FILE_LINE_OF_CODE":"85"}}
{"ts":1732072892865,"action":"FILE_CLOSED","file":"/inference.py","tags":{"FILE_LINE_OF_CODE":"85"}}
{"ts":1732072892865,"action":"FILE_OPENED","file":"/infer.sh","tags":{"FILE_LINE_OF_CODE":"40"}}
{"ts":1732072926398,"action":"FILE_CLOSED","file":"/infer.sh","tags":{"FILE_LINE_OF_CODE":"40"}}
{"ts":1732072926398,"action":"FILE_OPENED","file":"/inference.py","tags":{"FILE_LINE_OF_CODE":"85"}}
{"ts":1732073030425,"action":"FILE_CLOSED","file":"/inference.py","tags":{"FILE_LINE_OF_CODE":"85"}}
{"ts":1732073030425,"action":"FILE_OPENED","file":"/infer.sh","tags":{"FILE_LINE_OF_CODE":"40"}}
{"ts":1732073033879,"action":"FILE_CLOSED","file":"/infer.sh","tags":{"FILE_LINE_OF_CODE":"40"}}
{"ts":1732073033879,"action":"FILE_OPENED","file":"/opt.py","tags":{"FILE_LINE_OF_CODE":"53"}}
{"ts":1732073049086,"action":"FILE_CLOSED","file":"/opt.py","tags":{"FILE_LINE_OF_CODE":"53"}}
{"ts":1732073049086,"action":"FILE_OPENED","file":"/inference.py","tags":{"FILE_LINE_OF_CODE":"85"}}
{"ts":1732073075008,"action":"IDE_DEACTIVATED"}
{"ts":1732073097245,"action":"IDE_ACTIVATED"}
{"ts":1732073099522,"action":"FILE_CLOSED","file":"/inference.py","tags":{"FILE_LINE_OF_CODE":"85"}}
{"ts":1732073099522,"action":"FILE_OPENED","file":"/opt.py","tags":{"FILE_LINE_OF_CODE":"53"}}
{"ts":1732073112706,"action":"FILE_CLOSED","file":"/opt.py","tags":{"FILE_LINE_OF_CODE":"54"}}
{"ts":1732073112706,"action":"FILE_OPENED","file":"/inference.py","tags":{"FILE_LINE_OF_CODE":"85"}}
{"ts":1732073115540,"action":"FILE_CLOSED","file":"/inference.py","tags":{"FILE_LINE_OF_CODE":"85"}}
{"ts":1732073115540,"action":"FILE_OPENED","file":"/infer.sh","tags":{"FILE_LINE_OF_CODE":"40"}}
{"ts":1732073125768,"action":"FILE_CLOSED","file":"/infer.sh","tags":{"FILE_LINE_OF_CODE":"40"}}
{"ts":1732073125768,"action":"FILE_OPENED","file":"/utils/nvdiffrast.py","tags":{"FILE_LINE_OF_CODE":"81"}}
{"ts":1732073126327,"action":"FILE_CLOSED","file":"/utils/nvdiffrast.py","tags":{"FILE_LINE_OF_CODE":"81"}}
{"ts":1732073126327,"action":"FILE_OPENED","file":"/inference.py","tags":{"FILE_LINE_OF_CODE":"85"}}
{"ts":1732073136126,"action":"FILE_CLOSED","file":"/inference.py","tags":{"FILE_LINE_OF_CODE":"86"}}
{"ts":1732073136126,"action":"FILE_OPENED","file":"/infer.sh","tags":{"FILE_LINE_OF_CODE":"40"}}
{"ts":1732073175371,"action":"FILE_CLOSED","file":"/infer.sh","tags":{"FILE_LINE_OF_CODE":"40"}}
{"ts":1732073175371,"action":"FILE_OPENED","file":"/opt.py","tags":{"FILE_LINE_OF_CODE":"54"}}
{"ts":1732073207079,"action":"FILE_CLOSED","file":"/opt.py","tags":{"FILE_LINE_OF_CODE":"54"}}
{"ts":1732073207079,"action":"FILE_OPENED","file":"/infer.sh","tags":{"FILE_LINE_OF_CODE":"40"}}
{"ts":1732073222597,"action":"FILE_CLOSED","file":"/infer.sh","tags":{"FILE_LINE_OF_CODE":"40"}}
{"ts":1732073222597,"action":"FILE_OPENED","file":"/inference.py","tags":{"FILE_LINE_OF_CODE":"86"}}
{"ts":1732073274601,"action":"IDE_DEACTIVATED"}
{"ts":1732073274601,"action":"IDE_ACTIVATED"}
{"ts":1732073549886,"action":"FILE_CLOSED","file":"/inference.py","tags":{"FILE_LINE_OF_CODE":"98"}}
{"ts":1732073549886,"action":"FILE_OPENED","file":"/opt.py","tags":{"FILE_LINE_OF_CODE":"54"}}
{"ts":1732073551111,"action":"FILE_CLOSED","file":"/opt.py","tags":{"FILE_LINE_OF_CODE":"54"}}
{"ts":1732073551111,"action":"FILE_OPENED","file":"/inference.py","tags":{"FILE_LINE_OF_CODE":"98"}}
{"ts":1732073582433,"action":"IDE_DEACTIVATED"}
{"ts":1732073716625,"action":"IDE_ACTIVATED"}
{"ts":1732073772228,"action":"FILE_OPENED","file":"/infer.sh","tags":{"FILE_LINE_OF_CODE":"40"}}
{"ts":1732073772229,"action":"FILE_CLOSED","file":"/infer.sh","tags":{"FILE_LINE_OF_CODE":"40"}}
{"ts":1732073772229,"action":"FILE_OPENED","file":"/main.py","tags":{"FILE_LINE_OF_CODE":"98"}}
{"ts":1732073860287,"action":"IDE_DEACTIVATED"}
{"ts":1732073893479,"action":"IDE_ACTIVATED"}
{"ts":1732073895625,"action":"IDE_DEACTIVATED"}
{"ts":1732073898747,"action":"IDE_ACTIVATED"}
{"ts":1732073900000,"action":"FILE_CLOSED","file":"/main.py","tags":{"FILE_LINE_OF_CODE":"96"}}
{"ts":1732073900000,"action":"FILE_OPENED","file":"/opt.py","tags":{"FILE_LINE_OF_CODE":"54"}}
{"ts":1732073902133,"action":"FILE_CLOSED","file":"/opt.py","tags":{"FILE_LINE_OF_CODE":"54"}}
{"ts":1732073902133,"action":"FILE_OPENED","file":"/main.py","tags":{"FILE_LINE_OF_CODE":"96"}}
{"ts":1732073906913,"action":"IDE_DEACTIVATED"}
{"ts":1732073936770,"action":"IDE_ACTIVATED"}
{"ts":1732073943223,"action":"IDE_DEACTIVATED"}
{"ts":1732073943942,"action":"IDE_ACTIVATED"}
{"ts":1732073953461,"action":"IDE_DEACTIVATED"}
{"ts":1732073968558,"action":"IDE_ACTIVATED"}
{"ts":1732073968884,"action":"FILE_CLOSED","file":"/main.py","tags":{"FILE_LINE_OF_CODE":"96"}}
{"ts":1732073968884,"action":"FILE_OPENED","file":"/infer.sh","tags":{"FILE_LINE_OF_CODE":"40"}}
{"ts":1732073971138,"action":"IDE_DEACTIVATED"}
{"ts":1732074009051,"action":"IDE_ACTIVATED"}
{"ts":1732074010820,"action":"IDE_DEACTIVATED"}
{"ts":1732074051430,"action":"IDE_ACTIVATED"}
{"ts":1732074054605,"action":"FILE_CLOSED","file":"/infer.sh","tags":{"FILE_LINE_OF_CODE":"40"}}
{"ts":1732074054605,"action":"FILE_OPENED","file":"/utils/nvdiffrast.py","tags":{"FILE_LINE_OF_CODE":"81"}}
{"ts":1732074067071,"action":"IDE_DEACTIVATED"}
{"ts":1732074149711,"action":"IDE_ACTIVATED"}
{"ts":1732074151114,"action":"IDE_DEACTIVATED"}
{"ts":1732074162535,"action":"IDE_ACTIVATED"}
{"ts":1732074178119,"action":"FILE_CLOSED","file":"/utils/nvdiffrast.py","tags":{"FILE_LINE_OF_CODE":"81"}}
{"ts":1732074178119,"action":"FILE_OPENED","file":"/infer.sh","tags":{"FILE_LINE_OF_CODE":"40"}}
{"ts":1732074180625,"action":"FILE_CLOSED","file":"/infer.sh","tags":{"FILE_LINE_OF_CODE":"40"}}
{"ts":1732074180625,"action":"FILE_OPENED","file":"/main.py","tags":{"FILE_LINE_OF_CODE":"96"}}
{"ts":1732074189209,"action":"FILE_CLOSED","file":"/main.py","tags":{"FILE_LINE_OF_CODE":"96"}}
{"ts":1732074189209,"action":"FILE_OPENED","file":"/infer.sh","tags":{"FILE_LINE_OF_CODE":"40"}}
{"ts":1732074200294,"action":"IDE_DEACTIVATED"}
{"ts":1732074242474,"action":"IDE_ACTIVATED"}
{"ts":1732074244928,"action":"IDE_DEACTIVATED"}
{"ts":1732074256730,"action":"IDE_ACTIVATED"}
{"ts":1732074260739,"action":"IDE_DEACTIVATED"}
{"ts":1732074351580,"action":"IDE_ACTIVATED"}
{"ts":1732074353129,"action":"FILE_CLOSED","file":"/infer.sh","tags":{"FILE_LINE_OF_CODE":"40"}}
{"ts":1732074353129,"action":"FILE_OPENED","file":"/utils/nvdiffrast.py","tags":{"FILE_LINE_OF_CODE":"81"}}
{"ts":1732074359719,"action":"IDE_DEACTIVATED"}
{"ts":1732074364433,"action":"IDE_ACTIVATED"}
{"ts":1732074371695,"action":"IDE_DEACTIVATED"}
{"ts":1732074390264,"action":"IDE_ACTIVATED"}
{"ts":1732074395280,"action":"FILE_CLOSED","file":"/utils/nvdiffrast.py","tags":{"FILE_LINE_OF_CODE":"81"}}
{"ts":1732074397644,"action":"IDE_DEACTIVATED"}
{"ts":1732074400411,"action":"IDE_ACTIVATED"}
{"ts":1732074402880,"action":"IDE_DEACTIVATED"}
{"ts":1732074409391,"action":"IDE_ACTIVATED"}
{"ts":1732074423127,"action":"IDE_DEACTIVATED"}
{"ts":1732074424859,"action":"IDE_ACTIVATED"}
{"ts":1732074425495,"action":"IDE_DEACTIVATED"}
{"ts":1732074427745,"action":"IDE_ACTIVATED"}
{"ts":1732074435001,"action":"IDE_DEACTIVATED"}
{"ts":1732074736997,"action":"IDE_ACTIVATED"}
{"ts":1732074740375,"action":"FILE_OPENED","file":"/utils/nvdiffrast.py","tags":{"FILE_LINE_OF_CODE":"81"}}
{"ts":1732074754526,"action":"FILE_CLOSED","file":"/utils/nvdiffrast.py","tags":{"FILE_LINE_OF_CODE":"81"}}
{"ts":1732074754526,"action":"FILE_OPENED","file":"/face_detection/detect.py","tags":{"FILE_LINE_OF_CODE":"189"}}
{"ts":1732081772731,"action":"IDE_DEACTIVATED"}
{"ts":1732083304670,"action":"IDE_ACTIVATED"}
{"ts":1732083313413,"action":"IDE_DEACTIVATED"}
{"ts":1732084429171,"action":"IDE_ACTIVATED"}
{"ts":1732084433032,"action":"FILE_CLOSED","file":"/face_detection/detect.py","tags":{"FILE_LINE_OF_CODE":"189"}}
{"ts":1732084433032,"action":"FILE_OPENED","file":"/environment.yaml","tags":{"FILE_LINE_OF_CODE":"50"}}
{"ts":1732084437276,"action":"IDE_DEACTIVATED"}
{"ts":1732084483960,"action":"IDE_ACTIVATED"}
{"ts":1732084484009,"action":"FILE_CLOSED","file":"/environment.yaml","tags":{"FILE_LINE_OF_CODE":"50"}}
{"ts":1732084484009,"action":"FILE_OPENED","file":"/face_detection/detect.py","tags":{"FILE_LINE_OF_CODE":"189"}}
{"ts":1732084485145,"action":"FILE_CLOSED","file":"/face_detection/detect.py","tags":{"FILE_LINE_OF_CODE":"189"}}
{"ts":1732084485145,"action":"FILE_OPENED","file":"/environment.yaml","tags":{"FILE_LINE_OF_CODE":"50"}}
{"ts":1732084486962,"action":"FILE_CLOSED","file":"/environment.yaml","tags":{"FILE_LINE_OF_CODE":"50"}}
{"ts":1732084486962,"action":"FILE_OPENED","file":"/face_detection/detect.sh","tags":{"FILE_LINE_OF_CODE":"16"}}
{"ts":1732084487315,"action":"IDE_DEACTIVATED"}
{"ts":1732084487316,"action":"FILE_CLOSED","file":"/face_detection/detect.sh","tags":{"FILE_LINE_OF_CODE":"16"}}
{"ts":1732084487316,"action":"FILE_OPENED","file":"/environment.yaml","tags":{"FILE_LINE_OF_CODE":"50"}}
{"ts":1732084487384,"action":"IDE_ACTIVATED"}
{"ts":1732084487387,"action":"FILE_CLOSED","file":"/environment.yaml","tags":{"FILE_LINE_OF_CODE":"50"}}
{"ts":1732084487387,"action":"FILE_OPENED","file":"/face_detection/detect.sh","tags":{"FILE_LINE_OF_CODE":"16"}}
{"ts":1732084487388,"action":"FILE_CLOSED","file":"/face_detection/detect.sh","tags":{"FILE_LINE_OF_CODE":"16"}}
{"ts":1732084487388,"action":"FILE_OPENED","file":"/environment.yaml","tags":{"FILE_LINE_OF_CODE":"50"}}
{"ts":1732084488376,"action":"IDE_DEACTIVATED"}
{"ts":1732084796324,"action":"IDE_ACTIVATED"}
{"ts":1732084798025,"action":"IDE_DEACTIVATED"}
{"ts":1732085005036,"action":"IDE_ACTIVATED"}
{"ts":1732085010407,"action":"IDE_DEACTIVATED"}
{"ts":1732085011340,"action":"IDE_ACTIVATED"}
{"ts":1732085015936,"action":"FILE_CLOSED","file":"/environment.yaml","tags":{"FILE_LINE_OF_CODE":"50"}}
{"ts":1732085015936,"action":"FILE_OPENED","file":"/README.md","tags":{"FILE_LINE_OF_CODE":"30"}}
{"ts":1732085019514,"action":"IDE_DEACTIVATED"}
{"ts":1732085043102,"action":"IDE_ACTIVATED"}
{"ts":1732085044570,"action":"IDE_DEACTIVATED"}
{"ts":1732085085094,"action":"IDE_ACTIVATED"}
{"ts":1732085087331,"action":"IDE_DEACTIVATED"}
{"ts":1732085087332,"action":"IDE_ACTIVATED"}
{"ts":1732085094488,"action":"FILE_CLOSED","file":"/README.md","tags":{"FILE_LINE_OF_CODE":"30"}}
{"ts":1732085094488,"action":"FILE_OPENED","file":"/nvdiffrast/setup.py","tags":{"FILE_LINE_OF_CODE":"52"}}
{"ts":1732085099542,"action":"IDE_DEACTIVATED"}
{"ts":1732085132415,"action":"IDE_ACTIVATED"}
{"ts":1732085134329,"action":"IDE_DEACTIVATED"}
{"ts":1732085134329,"action":"IDE_ACTIVATED"}
{"ts":1732085135829,"action":"IDE_DEACTIVATED"}
{"ts":1732085140504,"action":"IDE_ACTIVATED"}
{"ts":1732085143997,"action":"FILE_CLOSED","file":"/nvdiffrast/setup.py","tags":{"FILE_LINE_OF_CODE":"52"}}
{"ts":1732085143997,"action":"FILE_OPENED","file":"/infer.sh","tags":{"FILE_LINE_OF_CODE":"40"}}
{"ts":1732085154947,"action":"IDE_DEACTIVATED"}
{"ts":1732085154948,"action":"IDE_ACTIVATED"}
{"ts":1732085158763,"action":"IDE_DEACTIVATED"}
{"ts":1732085158763,"action":"IDE_ACTIVATED"}
{"ts":1732085159680,"action":"IDE_DEACTIVATED"}
{"ts":1732085162495,"action":"IDE_ACTIVATED"}
{"ts":1732085168827,"action":"FILE_CLOSED","file":"/infer.sh","tags":{"FILE_LINE_OF_CODE":"40"}}
{"ts":1732085168827,"action":"FILE_OPENED","file":"/main.py","tags":{"FILE_LINE_OF_CODE":"96"}}
{"ts":1732085216612,"action":"IDE_DEACTIVATED"}
{"ts":1732085218315,"action":"IDE_ACTIVATED"}
{"ts":1732085222018,"action":"FILE_CLOSED","file":"/main.py","tags":{"FILE_LINE_OF_CODE":"96"}}
{"ts":1732085226411,"action":"FILE_OPENED","file":"/main.py","tags":{"FILE_LINE_OF_CODE":"96"}}
{"ts":1732085231792,"action":"IDE_DEACTIVATED"}
{"ts":1732085239721,"action":"IDE_ACTIVATED"}
{"ts":1732085241192,"action":"FILE_CLOSED","file":"/main.py","tags":{"FILE_LINE_OF_CODE":"96"}}
{"ts":1732085241192,"action":"FILE_OPENED","file":"/opt.py","tags":{"FILE_LINE_OF_CODE":"54"}}
{"ts":1732085242087,"action":"IDE_DEACTIVATED"}
{"ts":1732085245117,"action":"IDE_ACTIVATED"}
{"ts":1732085248873,"action":"IDE_DEACTIVATED"}
{"ts":1732085256477,"action":"IDE_ACTIVATED"}
{"ts":1732085257949,"action":"IDE_DEACTIVATED"}
{"ts":1732085258545,"action":"IDE_ACTIVATED"}
{"ts":1732085259991,"action":"FILE_CLOSED","file":"/opt.py","tags":{"FILE_LINE_OF_CODE":"54"}}
{"ts":1732085259991,"action":"FILE_OPENED","file":"/main.py","tags":{"FILE_LINE_OF_CODE":"96"}}
{"ts":1732085265563,"action":"IDE_DEACTIVATED"}
{"ts":1732085298813,"action":"IDE_ACTIVATED"}
{"ts":1732085306324,"action":"IDE_DEACTIVATED"}
{"ts":1732085430532,"action":"IDE_ACTIVATED"}
{"ts":1732085434331,"action":"IDE_DEACTIVATED"}
{"ts":1732085434331,"action":"IDE_ACTIVATED"}
{"ts":1732085435399,"action":"IDE_DEACTIVATED"}
{"ts":1732085439938,"action":"IDE_ACTIVATED"}
{"ts":1732085444642,"action":"IDE_DEACTIVATED"}
{"ts":1732085449842,"action":"IDE_ACTIVATED"}
{"ts":1732085510139,"action":"FILE_CLOSED","file":"/main.py","tags":{"FILE_LINE_OF_CODE":"96"}}
{"ts":1732085510139,"action":"FILE_OPENED","file":"/opt.py","tags":{"FILE_LINE_OF_CODE":"54"}}
{"ts":1732085547310,"action":"FILE_CLOSED","file":"/opt.py","tags":{"FILE_LINE_OF_CODE":"55"}}
{"ts":1732085547310,"action":"FILE_OPENED","file":"/main.py","tags":{"FILE_LINE_OF_CODE":"96"}}
{"ts":1732085562600,"action":"IDE_DEACTIVATED"}
{"ts":1732085605590,"action":"IDE_ACTIVATED"}
{"ts":1732085618090,"action":"IDE_DEACTIVATED"}
{"ts":1732085618090,"action":"IDE_ACTIVATED"}
{"ts":1732085618161,"action":"FILE_CLOSED","file":"/main.py","tags":{"FILE_LINE_OF_CODE":"96"}}
{"ts":1732085618161,"action":"FILE_OPENED","file":"/face_detection/detect_old.py","tags":{"FILE_LINE_OF_CODE":"208"}}
{"ts":1732085654848,"action":"IDE_DEACTIVATED"}
{"ts":1732086073095,"action":"IDE_ACTIVATED"}
{"ts":1732086075199,"action":"IDE_DEACTIVATED"}
{"ts":1732086075871,"action":"IDE_ACTIVATED"}
{"ts":1732086077225,"action":"IDE_DEACTIVATED"}
{"ts":1732086146510,"action":"IDE_ACTIVATED"}
{"ts":1732086148237,"action":"FILE_CLOSED","file":"/face_detection/detect_old.py","tags":{"FILE_LINE_OF_CODE":"208"}}
{"ts":1732086148237,"action":"FILE_OPENED","file":"/utils/nvdiffrast.py","tags":{"FILE_LINE_OF_CODE":"81"}}
{"ts":1732086164323,"action":"IDE_DEACTIVATED"}
{"ts":1732086268158,"action":"IDE_ACTIVATED"}
{"ts":1732086271701,"action":"IDE_DEACTIVATED"}
{"ts":1732086277031,"action":"IDE_ACTIVATED"}
{"ts":1732086278093,"action":"IDE_DEACTIVATED"}
{"ts":1732086278987,"action":"IDE_ACTIVATED"}
{"ts":1732086279087,"action":"IDE_DEACTIVATED"}
{"ts":1732086287905,"action":"IDE_ACTIVATED"}
{"ts":1732086289661,"action":"IDE_DEACTIVATED"}
{"ts":1732086317972,"action":"IDE_ACTIVATED"}
{"ts":1732086318592,"action":"IDE_DEACTIVATED"}
{"ts":1732086369559,"action":"IDE_ACTIVATED"}
{"ts":1732086374397,"action":"IDE_DEACTIVATED"}
{"ts":1732086375196,"action":"IDE_ACTIVATED"}
{"ts":1732086375909,"action":"IDE_DEACTIVATED"}
{"ts":1732086383385,"action":"IDE_ACTIVATED"}
{"ts":1732086391576,"action":"IDE_DEACTIVATED"}
{"ts":1732086395544,"action":"IDE_ACTIVATED"}
{"ts":1732086396612,"action":"IDE_DEACTIVATED"}
{"ts":1732086483564,"action":"IDE_ACTIVATED"}
{"ts":1732086486738,"action":"IDE_DEACTIVATED"}
{"ts":1732086486738,"action":"IDE_ACTIVATED"}
{"ts":1732086493297,"action":"IDE_DEACTIVATED"}
{"ts":1732086501573,"action":"IDE_ACTIVATED"}
{"ts":1732086504450,"action":"IDE_DEACTIVATED"}
{"ts":1732086511529,"action":"IDE_ACTIVATED"}
{"ts":1732086513066,"action":"IDE_DEACTIVATED"}
{"ts":1732086514123,"action":"IDE_ACTIVATED"}
{"ts":1732086514657,"action":"IDE_DEACTIVATED"}
{"ts":1732086517094,"action":"IDE_ACTIVATED"}
{"ts":1732086518760,"action":"IDE_DEACTIVATED"}
{"ts":1732086601924,"action":"IDE_ACTIVATED"}
{"ts":1732086614657,"action":"IDE_DEACTIVATED"}
{"ts":1732086645002,"action":"IDE_ACTIVATED"}
{"ts":1732086646645,"action":"IDE_DEACTIVATED"}
{"ts":1732086659497,"action":"IDE_ACTIVATED"}
{"ts":1732086660828,"action":"FILE_CLOSED","file":"/utils/nvdiffrast.py","tags":{"FILE_LINE_OF_CODE":"81"}}
{"ts":1732086660828,"action":"FILE_OPENED","file":"/nvdiffrast/setup.py","tags":{"FILE_LINE_OF_CODE":"52"}}
{"ts":1732086661697,"action":"FILE_CLOSED","file":"/nvdiffrast/setup.py","tags":{"FILE_LINE_OF_CODE":"52"}}
{"ts":1732086661702,"action":"FILE_OPENED","file":"/README.md","tags":{"FILE_LINE_OF_CODE":"30"}}
{"ts":1732086662452,"action":"FILE_CLOSED","file":"/README.md","tags":{"FILE_LINE_OF_CODE":"30"}}
{"ts":1732086662452,"action":"FILE_OPENED","file":"/environment.yaml","tags":{"FILE_LINE_OF_CODE":"50"}}
{"ts":1732086662954,"action":"FILE_CLOSED","file":"/environment.yaml","tags":{"FILE_LINE_OF_CODE":"50"}}
{"ts":1732086662954,"action":"FILE_OPENED","file":"/face_detection/detect.py","tags":{"FILE_LINE_OF_CODE":"189"}}
{"ts":1732086663491,"action":"FILE_CLOSED","file":"/face_detection/detect.py","tags":{"FILE_LINE_OF_CODE":"189"}}
{"ts":1732086663500,"action":"FILE_OPENED","file":"/models/avatar_facerecon.py","tags":{"FILE_LINE_OF_CODE":"245"}}
{"ts":1732086670288,"action":"FILE_CLOSED","file":"/models/avatar_facerecon.py","tags":{"FILE_LINE_OF_CODE":"245"}}
{"ts":1732086670288,"action":"FILE_OPENED","file":"/utils/nvdiffrast.py","tags":{"FILE_LINE_OF_CODE":"81"}}
{"ts":1732086671811,"action":"FILE_CLOSED","file":"/utils/nvdiffrast.py","tags":{"FILE_LINE_OF_CODE":"81"}}
{"ts":1732086671811,"action":"FILE_OPENED","file":"/models/avatar_facerecon.py","tags":{"FILE_LINE_OF_CODE":"245"}}
{"ts":1732086675774,"action":"IDE_DEACTIVATED"}
{"ts":1732086675774,"action":"IDE_ACTIVATED"}
{"ts":1732086681001,"action":"IDE_DEACTIVATED"}
{"ts":1732086733534,"action":"IDE_ACTIVATED"}
{"ts":1732086733675,"action":"FILE_CLOSED","file":"/models/avatar_facerecon.py","tags":{"FILE_LINE_OF_CODE":"245"}}
{"ts":1732086733675,"action":"FILE_OPENED","file":"/utils/nvdiffrast.py","tags":{"FILE_LINE_OF_CODE":"81"}}
{"ts":1732086738872,"action":"IDE_DEACTIVATED"}
{"ts":1732091817416,"action":"IDE_ACTIVATED"}
{"ts":1732091819069,"action":"FILE_CLOSED","file":"/utils/nvdiffrast.py","tags":{"FILE_LINE_OF_CODE":"81"}}
{"ts":1732091819069,"action":"FILE_OPENED","file":"/environment.yaml","tags":{"FILE_LINE_OF_CODE":"67"}}
{"ts":1732091825589,"action":"FILE_CLOSED","file":"/environment.yaml","tags":{"FILE_LINE_OF_CODE":"67"}}
{"ts":1732091825589,"action":"FILE_OPENED","file":"/environment_src.yaml","tags":{"FILE_LINE_OF_CODE":"50"}}
{"ts":1732091838678,"action":"FILE_CLOSED","file":"/environment_src.yaml","tags":{"FILE_LINE_OF_CODE":"50"}}
{"ts":1732091838678,"action":"FILE_OPENED","file":"/environment.yaml","tags":{"FILE_LINE_OF_CODE":"67"}}
{"ts":1732091849273,"action":"IDE_DEACTIVATED"}
{"ts":1732091852699,"action":"IDE_ACTIVATED"}
{"ts":1732091860278,"action":"FILE_CLOSED","file":"/environment.yaml","tags":{"FILE_LINE_OF_CODE":"67"}}
{"ts":1732091860278,"action":"FILE_OPENED","file":"/README.md","tags":{"FILE_LINE_OF_CODE":"30"}}
{"ts":1732091936796,"action":"IDE_DEACTIVATED"}
{"ts":1732091943109,"action":"IDE_ACTIVATED"}
{"ts":1732091950964,"action":"FILE_CLOSED","file":"/README.md","tags":{"FILE_LINE_OF_CODE":"30"}}
{"ts":1732091950964,"action":"FILE_OPENED","file":"/environment.yaml","tags":{"FILE_LINE_OF_CODE":"67"}}
{"ts":1732091953840,"action":"IDE_DEACTIVATED"}
{"ts":1732092175300,"action":"IDE_ACTIVATED"}
{"ts":1732092180950,"action":"IDE_DEACTIVATED"}
{"ts":1732092206907,"action":"IDE_ACTIVATED"}
{"ts":1732092208321,"action":"IDE_DEACTIVATED"}
{"ts":1732092289750,"action":"IDE_ACTIVATED"}
{"ts":1732092290769,"action":"FILE_CLOSED","file":"/environment.yaml","tags":{"FILE_LINE_OF_CODE":"68"}}
{"ts":1732092290769,"action":"FILE_OPENED","file":"/environment_src.yaml","tags":{"FILE_LINE_OF_CODE":"50"}}
{"ts":1732092293665,"action":"IDE_DEACTIVATED"}
{"ts":1732155514817,"action":"FILE_OPENED","file":"/models/avatar_facerecon.py","tags":{"FILE_LINE_OF_CODE":"245"}}
{"ts":1732155514664,"action":"PROJECT_OPENED","tags":{"PROJECT_NAME":"face_generation_v0.1"}}
{"ts":1732155515012,"action":"FILE_CLOSED","file":"/models/avatar_facerecon.py","tags":{"FILE_LINE_OF_CODE":"245"}}
{"ts":1732155515012,"action":"FILE_OPENED","file":"/face_detection/detect.sh","tags":{"FILE_LINE_OF_CODE":"16"}}
{"ts":1732155515031,"action":"FILE_CLOSED","file":"/face_detection/detect.sh","tags":{"FILE_LINE_OF_CODE":"16"}}
{"ts":1732155515031,"action":"FILE_OPENED","file":"/opt.py","tags":{"FILE_LINE_OF_CODE":"55"}}
{"ts":1732155517049,"action":"IDE_DEACTIVATED"}
{"ts":1732155517094,"action":"IDE_ACTIVATED"}
{"ts":1732155519605,"action":"FILE_CLOSED","file":"/opt.py","tags":{"FILE_LINE_OF_CODE":"55"}}
{"ts":1732155519605,"action":"FILE_OPENED","file":"/models/avatar_facerecon.py","tags":{"FILE_LINE_OF_CODE":"245"}}
{"ts":1732155524279,"action":"FILE_CLOSED","file":"/models/avatar_facerecon.py","tags":{"FILE_LINE_OF_CODE":"245"}}
{"ts":1732155524279,"action":"FILE_OPENED","file":"/environment.yaml","tags":{"FILE_LINE_OF_CODE":"68"}}
{"ts":1732155534975,"action":"IDE_DEACTIVATED"}
{"ts":1732155548539,"action":"IDE_ACTIVATED"}
{"ts":1732155548921,"action":"FILE_CLOSED","file":"/environment.yaml","tags":{"FILE_LINE_OF_CODE":"68"}}
{"ts":1732155548921,"action":"FILE_OPENED","file":"/environment_src.yaml","tags":{"FILE_LINE_OF_CODE":"50"}}
{"ts":1732155552644,"action":"IDE_DEACTIVATED"}
{"ts":1732155552684,"action":"IDE_ACTIVATED"}
{"ts":1732155553453,"action":"IDE_DEACTIVATED"}
{"ts":1732155607136,"action":"IDE_ACTIVATED"}
{"ts":1732155621683,"action":"FILE_OPENED","file":"/models/avatar_facerecon.py","tags":{"FILE_LINE_OF_CODE":"245"}}
{"ts":1732155621685,"action":"FILE_CLOSED","file":"/models/avatar_facerecon.py","tags":{"FILE_LINE_OF_CODE":"245"}}
{"ts":1732155621685,"action":"FILE_OPENED","file":"/requirements.txt","tags":{"FILE_LINE_OF_CODE":"0"}}
{"ts":1732155623399,"action":"IDE_DEACTIVATED"}
{"ts":1732155628501,"action":"IDE_ACTIVATED"}
{"ts":1732155633461,"action":"IDE_DEACTIVATED"}
{"ts":1732155645301,"action":"IDE_ACTIVATED"}
{"ts":1732155653922,"action":"IDE_DEACTIVATED"}
{"ts":1732155666342,"action":"IDE_ACTIVATED"}
{"ts":1732155668118,"action":"IDE_DEACTIVATED"}
{"ts":1732155669562,"action":"IDE_ACTIVATED"}
{"ts":1732155671628,"action":"IDE_DEACTIVATED"}
{"ts":1732155673498,"action":"IDE_ACTIVATED"}
{"ts":1732155674844,"action":"IDE_DEACTIVATED"}
{"ts":1732155682267,"action":"IDE_ACTIVATED"}
{"ts":1732155683366,"action":"IDE_DEACTIVATED"}
{"ts":1732155688214,"action":"IDE_ACTIVATED"}
{"ts":1732155691201,"action":"IDE_DEACTIVATED"}
{"ts":1732155692843,"action":"IDE_ACTIVATED"}
{"ts":1732155694626,"action":"IDE_DEACTIVATED"}
{"ts":1732155698314,"action":"IDE_ACTIVATED"}
{"ts":1732155704236,"action":"IDE_DEACTIVATED"}
{"ts":1732155708360,"action":"IDE_ACTIVATED"}
{"ts":1732155715909,"action":"IDE_DEACTIVATED"}
{"ts":1732155755673,"action":"IDE_ACTIVATED"}
{"ts":1732155759843,"action":"IDE_DEACTIVATED"}
{"ts":1732155774576,"action":"IDE_ACTIVATED"}
{"ts":1732155775465,"action":"FILE_CLOSED","file":"/requirements.txt","tags":{"FILE_LINE_OF_CODE":"7"}}
{"ts":1732155775465,"action":"FILE_OPENED","file":"/README.md","tags":{"FILE_LINE_OF_CODE":"30"}}
{"ts":1732155777793,"action":"FILE_CLOSED","file":"/README.md","tags":{"FILE_LINE_OF_CODE":"30"}}
{"ts":1732155777807,"action":"FILE_OPENED","file":"/utils/preprocess.py","tags":{"FILE_LINE_OF_CODE":"271"}}
{"ts":1732155779677,"action":"FILE_CLOSED","file":"/utils/preprocess.py","tags":{"FILE_LINE_OF_CODE":"271"}}
{"ts":1732155779677,"action":"FILE_OPENED","file":"/README.md","tags":{"FILE_LINE_OF_CODE":"30"}}
{"ts":1732155857791,"action":"IDE_DEACTIVATED"}
{"ts":1732155864659,"action":"IDE_ACTIVATED"}
{"ts":1732155864973,"action":"FILE_CLOSED","file":"/README.md","tags":{"FILE_LINE_OF_CODE":"39"}}
{"ts":1732155864973,"action":"FILE_OPENED","file":"/infer.sh","tags":{"FILE_LINE_OF_CODE":"40"}}
{"ts":1732155871015,"action":"FILE_CLOSED","file":"/infer.sh","tags":{"FILE_LINE_OF_CODE":"40"}}
{"ts":1732155871015,"action":"FILE_OPENED","file":"/main.py","tags":{"FILE_LINE_OF_CODE":"96"}}
{"ts":1732155887874,"action":"IDE_DEACTIVATED"}
